============================= test session starts =============================
platform win32 -- Python 3.12.10, pytest-9.0.3, pluggy-1.6.0 -- D:\ai-trading-architecture\venv\Scripts\python.exe
cachedir: .pytest_cache
rootdir: D:\ai-trading-architecture
configfile: pyproject.toml
testpaths: tests
plugins: anyio-4.13.0, asyncio-1.3.0
asyncio: mode=Mode.AUTO, debug=False, asyncio_default_fixture_loop_scope=None, asyncio_default_test_loop_scope=function
collecting ... collected 82 items

tests/data/test_quality_gates.py::TestQualityGates::test_check_latency_pass PASSED [  1%]
tests/data/test_quality_gates.py::TestQualityGates::test_check_latency_fail PASSED [  2%]
tests/data/test_quality_gates.py::TestQualityGates::test_check_spread_pass PASSED [  3%]
tests/data/test_quality_gates.py::TestQualityGates::test_check_spread_fail PASSED [  4%]
tests/data/test_quality_gates.py::TestQualityGates::test_check_price_spike_normal PASSED [  6%]
tests/data/test_quality_gates.py::TestQualityGates::test_check_price_spike_anomaly PASSED [  7%]
tests/data/test_quality_gates.py::TestQualityGates::test_validate_trade_pass PASSED [  8%]
tests/data/test_quality_gates.py::TestQualityGates::test_validate_trade_latency_fail PASSED [  9%]
tests/data/test_quality_gates.py::TestQualityGates::test_validate_trade_spread_fail PASSED [ 10%]
tests/debate/test_debate_engine_cache.py::test_debate_engine_caches_inputs_ignoring_timestamps PASSED [ 12%]
tests/debate/test_llm_client.py::test_llm_client_uses_provider_specific_api_keys_for_fallbacks PASSED [ 13%]
tests/debate/test_llm_client.py::test_llm_client_caches_identical_requests PASSED [ 14%]
tests/debate/test_llm_client.py::test_llm_client_opens_circuit_breaker_after_repeated_failures PASSED [ 15%]
tests/execution/test_ccxt_integration.py::TestCCXTIntegration::test_full_bot_portfolio_and_execution_testnet PASSED [ 17%]
tests/execution/test_ccxt_integration.py::TestCCXTIntegration::test_ai_bot_portfolio_and_execution_testnet PASSED [ 18%]
tests/execution/test_ccxt_integration.py::TestCCXTIntegration::test_ai_bot_sell_without_position_is_rejected PASSED [ 19%]
tests/execution/test_ccxt_integration.py::TestCCXTIntegration::test_full_bot_sell_without_position_is_rejected PASSED [ 20%]
tests/execution/test_ccxt_integration.py::TestCCXTIntegration::test_ai_bot_sell_uses_open_position_even_with_zero_cash PASSED [ 21%]
tests/execution/test_ccxt_integration.py::TestCCXTIntegration::test_full_bot_sell_uses_open_position_even_with_zero_cash PASSED [ 23%]
tests/execution/test_ccxt_integration.py::TestCCXTIntegration::test_ai_bot_bbands_signal_requires_volume_confirmation PASSED [ 24%]
tests/execution/test_ccxt_integration.py::TestCCXTIntegration::test_full_bot_drawdown_auto_triggers_kill_switch PASSED [ 25%]
tests/execution/test_ccxt_integration.py::TestCCXTIntegration::test_ai_bot_run_debate_passes_portfolio_context PASSED [ 26%]
tests/execution/test_ccxt_integration.py::TestCCXTIntegration::test_full_bot_setup_executor_fails_fast_on_connect_error PASSED [ 28%]
tests/execution/test_dry_run.py::TestDryRunExecutor::test_initial_state PASSED [ 29%]
tests/execution/test_dry_run.py::TestDryRunExecutor::test_simulate_buy PASSED [ 30%]
tests/execution/test_dry_run.py::TestDryRunExecutor::test_simulate_sell PASSED [ 31%]
tests/execution/test_dry_run.py::TestDryRunExecutor::test_insufficient_funds PASSED [ 32%]
tests/execution/test_dry_run.py::TestDryRunExecutor::test_sell_without_position PASSED [ 34%]
tests/execution/test_dry_run.py::TestDryRunExecutor::test_trade_log PASSED [ 35%]
tests/execution/test_dry_run.py::TestDryRunExecutor::test_equity_curve PASSED [ 36%]
tests/execution/test_dry_run.py::TestDryRunExecutor::test_sl_tp_trigger PASSED [ 37%]
tests/execution/test_kill_switch.py::TestKillSwitch::test_initial_state PASSED [ 39%]
tests/execution/test_kill_switch.py::TestKillSwitch::test_trigger PASSED [ 40%]
tests/execution/test_kill_switch.py::TestKillSwitch::test_disarm PASSED  [ 41%]
tests/execution/test_kill_switch.py::TestKillSwitch::test_trigger_history PASSED [ 42%]
tests/execution/test_kill_switch.py::TestKillSwitch::test_auto_check_triggered PASSED [ 43%]
tests/execution/test_kill_switch.py::TestKillSwitch::test_auto_check_not_triggered PASSED [ 45%]
tests/execution/test_main_full_backtest.py::test_main_backtest_preserves_config_strategy PASSED [ 46%]
tests/execution/test_main_full_backtest.py::test_run_backtest_uses_requested_days_and_strategy PASSED [ 47%]
tests/execution/test_market_data_sources.py::test_get_latest_price_falls_back_to_exchange_ticker_when_redis_misses PASSED [ 48%]
tests/execution/test_market_data_sources.py::test_build_market_data_skips_simulation_outside_dryrun_when_no_price PASSED [ 50%]
tests/execution/test_market_data_sources.py::test_build_market_data_keeps_indicators_stable_within_session PASSED [ 51%]
tests/execution/test_position_sizer.py::TestPositionSizer::test_half_kelly_profitable PASSED [ 52%]
tests/execution/test_position_sizer.py::TestPositionSizer::test_half_kelly_unprofitable PASSED [ 53%]
tests/execution/test_position_sizer.py::TestPositionSizer::test_van_tharp_basic PASSED [ 54%]
tests/execution/test_position_sizer.py::TestPositionSizer::test_calc_position_size PASSED [ 56%]
tests/execution/test_position_sizer.py::TestPositionSizer::test_check_daily_loss_pass PASSED [ 57%]
tests/execution/test_position_sizer.py::TestPositionSizer::test_check_daily_loss_fail PASSED [ 58%]
tests/execution/test_position_sizer.py::TestPositionSizer::test_check_concentration_pass PASSED [ 59%]
tests/execution/test_position_sizer.py::TestPositionSizer::test_check_concentration_fail PASSED [ 60%]
tests/execution/test_position_sizer.py::TestPositionSizer::test_check_leverage_pass PASSED [ 62%]
tests/execution/test_position_sizer.py::TestPositionSizer::test_check_leverage_fail PASSED [ 63%]
tests/execution/test_risk_engine.py::TestRiskEngine::test_pre_trade_approved PASSED [ 64%]
tests/execution/test_risk_engine.py::TestRiskEngine::test_pre_trade_daily_loss_exceeded PASSED [ 65%]
tests/execution/test_risk_engine.py::TestRiskEngine::test_pre_trade_drawdown_exceeded PASSED [ 67%]
tests/execution/test_risk_engine.py::TestRiskEngine::test_pre_trade_concentration_exceeded PASSED [ 68%]
tests/execution/test_risk_engine.py::TestRiskEngine::test_get_status PASSED [ 69%]
tests/execution/test_risk_engine.py::TestRiskEngine::test_get_status_drawdown_limit_exceeded PASSED [ 70%]
tests/execution/test_risk_engine.py::TestRiskEngine::test_reset_daily PASSED [ 71%]
tests/execution/test_sltp_integration.py::TestSLTPIntegration::test_stop_loss_trigger_long PASSED [ 73%]
tests/execution/test_sltp_integration.py::TestSLTPIntegration::test_take_profit_trigger_long PASSED [ 74%]
tests/memory/test_memory_optimizations.py::test_knowledge_graph_returns_stable_pattern_ids PASSED [ 75%]
tests/memory/test_memory_optimizations.py::test_in_memory_store_reindexes_search_after_update PASSED [ 76%]
tests/memory/test_memory_optimizations.py::test_trade_memory_history_supports_strategy_and_cursor_filters PASSED [ 78%]
tests/memory/test_trade_memory_interface.py::test_trade_memory_implements_interface PASSED [ 79%]
tests/memory/test_weekly_review.py::test_generate_report_is_async_and_returns_formatted_text PASSED [ 80%]
tests/monitoring/test_alert_formatter.py::TestAlertFormatter::test_format_trade_alert_buy PASSED [ 81%]
tests/monitoring/test_alert_formatter.py::TestAlertFormatter::test_format_trade_alert_sell_with_pnl PASSED [ 82%]
tests/monitoring/test_alert_formatter.py::TestAlertFormatter::test_format_trade_alert_sell_with_loss PASSED [ 84%]
tests/monitoring/test_alert_formatter.py::TestAlertFormatter::test_format_status PASSED [ 85%]
tests/monitoring/test_alert_formatter.py::TestAlertFormatter::test_format_daily_report PASSED [ 86%]
tests/monitoring/test_alert_formatter.py::TestAlertFormatter::test_format_error PASSED [ 87%]
tests/monitoring/test_alert_formatter.py::TestAlertFormatter::test_format_kill_switch PASSED [ 89%]
tests/monitoring/test_telegram_bot.py::test_send_alert_works_without_polling PASSED [ 90%]
tests/strategy/test_metrics.py::TestMetricsCalculator::test_sharpe_ratio PASSED [ 91%]
tests/strategy/test_metrics.py::TestMetricsCalculator::test_sharpe_ratio_negative PASSED [ 92%]
tests/strategy/test_metrics.py::TestMetricsCalculator::test_sortino_ratio PASSED [ 93%]
tests/strategy/test_metrics.py::TestMetricsCalculator::test_max_drawdown PASSED [ 95%]
tests/strategy/test_metrics.py::TestMetricsCalculator::test_win_rate PASSED [ 96%]
tests/strategy/test_metrics.py::TestMetricsCalculator::test_profit_factor PASSED [ 97%]
tests/strategy/test_metrics.py::TestMetricsCalculator::test_expectancy PASSED [ 98%]
tests/strategy/test_metrics.py::TestMetricsCalculator::test_summarize PASSED [100%]

============================== warnings summary ===============================
venv\Lib\site-packages\lumibot\entities\data.py:51
  D:\ai-trading-architecture\venv\Lib\site-packages\lumibot\entities\data.py:51: Pandas4Warning: 'future.no_silent_downcasting' is deprecated, please refrain from using it.
    pd.set_option('future.no_silent_downcasting', True)

venv\Lib\site-packages\websockets\legacy\__init__.py:6
  D:\ai-trading-architecture\venv\Lib\site-packages\websockets\legacy\__init__.py:6: DeprecationWarning: websockets.legacy is deprecated; see https://websockets.readthedocs.io/en/stable/howto/upgrade.html for upgrade instructions
    warnings.warn(  # deprecated in 14.0 - 2024-11-09

venv\Lib\site-packages\lumibot\entities\data_polars.py:20
  D:\ai-trading-architecture\venv\Lib\site-packages\lumibot\entities\data_polars.py:20: Pandas4Warning: 'future.no_silent_downcasting' is deprecated, please refrain from using it.
    pd.set_option('future.no_silent_downcasting', True)

-- Docs: https://docs.pytest.org/en/stable/how-to/capture-warnings.html
======================= 82 passed, 3 warnings in 12.62s =======================
